Using pre-set license
Built from '2020.2/release' branch; Version is '2020.2.2f1 (068178b99f32) revision 426360'; Using compiler version '192528614'; Build Type 'Release'
OS: 'Windows 10 Education; OS build 19041.928; Version 2004; 64bit' Language: 'en' Physical Memory: 32711 MB
BatchMode: 1, IsHumanControllingUs: 0, StartBugReporterOnCrash: 0, Is64bit: 1, IsPro: 0

 COMMAND LINE ARGUMENTS:
C:\Program Files\Unity\Hub\Editor\2020.2.2f1\Editor\Unity.exe
-adb2
-batchMode
-noUpm
-name
AssetImportWorker0
-projectPath
C:/Users/nigel/Desktop/Games for mobile devices/NG_Mobile_Game/NG_Mobile_3
-logFile
Logs/AssetImportWorker0.log
-srvPort
52785
Successfully changed project path to: C:/Users/nigel/Desktop/Games for mobile devices/NG_Mobile_Game/NG_Mobile_3
C:/Users/nigel/Desktop/Games for mobile devices/NG_Mobile_Game/NG_Mobile_3
Using Asset Import Pipeline V2.
Refreshing native plugins compatible for Editor in 97.27 ms, found 4 plugins.
Preloading 0 native plugins for Editor in 0.00 ms.
Initialize engine version: 2020.2.2f1 (068178b99f32)
[Subsystems] Discovering subsystems at path C:/Program Files/Unity/Hub/Editor/2020.2.2f1/Editor/Data/Resources/UnitySubsystems
[Subsystems] Discovering subsystems at path C:/Users/nigel/Desktop/Games for mobile devices/NG_Mobile_Game/NG_Mobile_3/Assets
GfxDevice: creating device client; threaded=0
Direct3D:
    Version:  Direct3D 11.0 [level 11.1]
    Renderer: NVIDIA GeForce RTX 3080 (ID=0x2206)
    Vendor:   
    VRAM:     10078 MB
    Driver:   27.21.14.6611
Initialize mono
Mono path[0] = 'C:/Program Files/Unity/Hub/Editor/2020.2.2f1/Editor/Data/Managed'
Mono path[1] = 'C:/Program Files/Unity/Hub/Editor/2020.2.2f1/Editor/Data/MonoBleedingEdge/lib/mono/unityjit'
Mono config path = 'C:/Program Files/Unity/Hub/Editor/2020.2.2f1/Editor/Data/MonoBleedingEdge/etc'
Using monoOptions --debugger-agent=transport=dt_socket,embedding=1,server=y,suspend=n,address=127.0.0.1:56172
Begin MonoManager ReloadAssembly
Registering precompiled unity dll's ...
Register platform support module: C:/Program Files/Unity/Hub/Editor/2020.2.2f1/Editor/Data/PlaybackEngines/WebGLSupport/UnityEditor.WebGL.Extensions.dll
Register platform support module: C:/Program Files/Unity/Hub/Editor/2020.2.2f1/Editor/Data/PlaybackEngines/WindowsStandaloneSupport/UnityEditor.WindowsStandalone.Extensions.dll
Registered in 0.001651 seconds.
Native extension for WindowsStandalone target not found
Native extension for WebGL target not found
Refreshing native plugins compatible for Editor in 51.73 ms, found 4 plugins.
Preloading 0 native plugins for Editor in 0.00 ms.
Invoked RoslynAnalysisRunner static constructor.
RoslynAnalysisRunner will not be running.
RoslynAnalysisRunner has terminated.
Mono: successfully reloaded assembly
- Completed reload, in  2.513 seconds
Platform modules already initialized, skipping
Registering precompiled user dll's ...
Registered in 0.244399 seconds.
Begin MonoManager ReloadAssembly
Error: Could not load signature of Unity.Android.Logcat.AndroidLogcat:.ctor due to: Could not load file or assembly 'UnityEditor.Android.Extensions, Version=1.0.0.0, Culture=neutral, PublicKeyToken=null' or one of its dependencies. assembly:UnityEditor.Android.Extensions, Version=1.0.0.0, Culture=neutral, PublicKeyToken=null type:<unknown type> member:(null) signature:<none>
0x00007ff791d1f02c (Unity) StackWalker::GetCurrentCallstack
0x00007ff791d27409 (Unity) StackWalker::ShowCallstack
0x00007ff7931efafc (Unity) GetStacktrace
0x00007ff7942caf63 (Unity) DebugStringToFile
0x00007ff791b459eb (Unity) ScanForAttributesAndInterfaceImplementations
0x00007ff791b58dba (Unity) MonoManager::EndReloadAssembly
0x00007ff791b5ffe9 (Unity) MonoManager::ReloadAssembly
0x00007ff792efa2a1 (Unity) LoadDomainAndUserAssemblies
0x00007ff792efa74e (Unity) LoadUserAssemblies
0x00007ff792887ee1 (Unity) Application::InitializeProject
0x00007ff7931fd0b2 (Unity) WinMain
0x00007ff795060c66 (Unity) __scrt_common_main_seh
0x00007ffe95e17034 (KERNEL32) BaseThreadInitThunk
0x00007ffe97862651 (ntdll) RtlUserThreadStart

Unloading broken assembly Library/ScriptAssemblies/Unity.Mobile.AndroidLogcat.Editor.dll, this assembly can cause crashes in the runtime
0x00007ff791d1f02c (Unity) StackWalker::GetCurrentCallstack
0x00007ff791d27409 (Unity) StackWalker::ShowCallstack
0x00007ff7931efafc (Unity) GetStacktrace
0x00007ff7942caf63 (Unity) DebugStringToFile
0x00007ff791b61b39 (Unity) MonoManager::SetupLoadedEditorAssemblies
0x00007ff791b5910c (Unity) MonoManager::EndReloadAssembly
0x00007ff791b5ffe9 (Unity) MonoManager::ReloadAssembly
0x00007ff792efa2a1 (Unity) LoadDomainAndUserAssemblies
0x00007ff792efa74e (Unity) LoadUserAssemblies
0x00007ff792887ee1 (Unity) Application::InitializeProject
0x00007ff7931fd0b2 (Unity) WinMain
0x00007ff795060c66 (Unity) __scrt_common_main_seh
0x00007ffe95e17034 (KERNEL32) BaseThreadInitThunk
0x00007ffe97862651 (ntdll) RtlUserThreadStart

Native extension for WindowsStandalone target not found
Native extension for WebGL target not found
Refreshing native plugins compatible for Editor in 51.61 ms, found 4 plugins.
Preloading 0 native plugins for Editor in 0.00 ms.
UnityIAP: [InitializeOnLoad] Facebook Check
UnityIAP: Runtime [2020.2.2f1]
UnityIAP: Current Build is Android:StandaloneWindows
UnityIAP: stub FacebookStore.dll disabled
GPGSUpgrader start
0x00007ff791d1f02c (Unity) StackWalker::GetCurrentCallstack
0x00007ff791d27409 (Unity) StackWalker::ShowCallstack
0x00007ff7931efafc (Unity) GetStacktrace
0x00007ff7942caf63 (Unity) DebugStringToFile
0x00007ff791d3fb26 (Unity) DebugLogHandler_CUSTOM_Internal_Log
0x0000020c5372089b (Mono JIT Code) (wrapper managed-to-native) UnityEngine.DebugLogHandler:Internal_Log (UnityEngine.LogType,UnityEngine.LogOption,string,UnityEngine.Object)
0x0000020c5372046b (Mono JIT Code) UnityEngine.DebugLogHandler:LogFormat (UnityEngine.LogType,UnityEngine.Object,string,object[])
0x0000020c5371f6ce (Mono JIT Code) UnityEngine.Logger:Log (UnityEngine.LogType,object)
0x0000020c5371ebad (Mono JIT Code) UnityEngine.Debug:Log (object)
0x0000020c5371d4d3 (Mono JIT Code) [GPGSUpgrader.cs:38] GooglePlayGames.Editor.GPGSUpgrader:.cctor () 
0x0000020c5371e715 (Mono JIT Code) (wrapper runtime-invoke) object:runtime_invoke_void (object,intptr,intptr,intptr)
0x00007ffe236be0c0 (mono-2.0-bdwgc) [mini-runtime.c:2812] mono_jit_runtime_invoke 
0x00007ffe23642902 (mono-2.0-bdwgc) [object.c:2921] do_runtime_invoke 
0x00007ffe2364b01c (mono-2.0-bdwgc) [object.c:477] mono_runtime_class_init_full 
0x00007ffe235f8c3e (mono-2.0-bdwgc) [icall.c:990] ves_icall_System_Runtime_CompilerServices_RuntimeHelpers_RunClassConstructor 
0x0000020c535645e7 (Mono JIT Code) (wrapper managed-to-native) System.Runtime.CompilerServices.RuntimeHelpers:RunClassConstructor (intptr)
0x0000020c5356449b (Mono JIT Code) System.Runtime.CompilerServices.RuntimeHelpers:RunClassConstructor (System.RuntimeTypeHandle)
0x0000020c53563f63 (Mono JIT Code) UnityEditor.EditorAssemblies:ProcessInitializeOnLoadAttributes (System.Type[])
0x0000020c474f70bb (Mono JIT Code) (wrapper runtime-invoke) <Module>:runtime_invoke_void_object (object,intptr,intptr,intptr)
0x00007ffe236be0c0 (mono-2.0-bdwgc) [mini-runtime.c:2812] mono_jit_runtime_invoke 
0x00007ffe23642902 (mono-2.0-bdwgc) [object.c:2921] do_runtime_invoke 
0x00007ffe2364b95f (mono-2.0-bdwgc) [object.c:2968] mono_runtime_invoke 
0x00007ff791b9b5f4 (Unity) scripting_method_invoke
0x00007ff791b93f95 (Unity) ScriptingInvocation::Invoke
0x00007ff791b8ce95 (Unity) ScriptingInvocation::Invoke<void>
0x00007ff79023f4eb (Unity) Scripting::UnityEditor::EditorAssembliesProxy::ProcessInitializeOnLoadAttributes
0x00007ff791b61e05 (Unity) MonoManager::SetupLoadedEditorAssemblies
0x00007ff791b5910c (Unity) MonoManager::EndReloadAssembly
0x00007ff791b5ffe9 (Unity) MonoManager::ReloadAssembly
0x00007ff792efa2a1 (Unity) LoadDomainAndUserAssemblies
0x00007ff792efa74e (Unity) LoadUserAssemblies
0x00007ff792887ee1 (Unity) Application::InitializeProject
0x00007ff7931fd0b2 (Unity) WinMain
0x00007ff795060c66 (Unity) __scrt_common_main_seh
0x00007ffe95e17034 (KERNEL32) BaseThreadInitThunk
0x00007ffe97862651 (ntdll) RtlUserThreadStart

GPGSUpgrader done
0x00007ff791d1f02c (Unity) StackWalker::GetCurrentCallstack
0x00007ff791d27409 (Unity) StackWalker::ShowCallstack
0x00007ff7931efafc (Unity) GetStacktrace
0x00007ff7942caf63 (Unity) DebugStringToFile
0x00007ff791d3fb26 (Unity) DebugLogHandler_CUSTOM_Internal_Log
0x0000020c5372089b (Mono JIT Code) (wrapper managed-to-native) UnityEngine.DebugLogHandler:Internal_Log (UnityEngine.LogType,UnityEngine.LogOption,string,UnityEngine.Object)
0x0000020c5372046b (Mono JIT Code) UnityEngine.DebugLogHandler:LogFormat (UnityEngine.LogType,UnityEngine.Object,string,object[])
0x0000020c5371f6ce (Mono JIT Code) UnityEngine.Logger:Log (UnityEngine.LogType,object)
0x0000020c5371ebad (Mono JIT Code) UnityEngine.Debug:Log (object)
0x0000020c5371e10b (Mono JIT Code) [GPGSUpgrader.cs:105] GooglePlayGames.Editor.GPGSUpgrader:.cctor () 
0x0000020c5371e715 (Mono JIT Code) (wrapper runtime-invoke) object:runtime_invoke_void (object,intptr,intptr,intptr)
0x00007ffe236be0c0 (mono-2.0-bdwgc) [mini-runtime.c:2812] mono_jit_runtime_invoke 
0x00007ffe23642902 (mono-2.0-bdwgc) [object.c:2921] do_runtime_invoke 
0x00007ffe2364b01c (mono-2.0-bdwgc) [object.c:477] mono_runtime_class_init_full 
0x00007ffe235f8c3e (mono-2.0-bdwgc) [icall.c:990] ves_icall_System_Runtime_CompilerServices_RuntimeHelpers_RunClassConstructor 
0x0000020c535645e7 (Mono JIT Code) (wrapper managed-to-native) System.Runtime.CompilerServices.RuntimeHelpers:RunClassConstructor (intptr)
0x0000020c5356449b (Mono JIT Code) System.Runtime.CompilerServices.RuntimeHelpers:RunClassConstructor (System.RuntimeTypeHandle)
0x0000020c53563f63 (Mono JIT Code) UnityEditor.EditorAssemblies:ProcessInitializeOnLoadAttributes (System.Type[])
0x0000020c474f70bb (Mono JIT Code) (wrapper runtime-invoke) <Module>:runtime_invoke_void_object (object,intptr,intptr,intptr)
0x00007ffe236be0c0 (mono-2.0-bdwgc) [mini-runtime.c:2812] mono_jit_runtime_invoke 
0x00007ffe23642902 (mono-2.0-bdwgc) [object.c:2921] do_runtime_invoke 
0x00007ffe2364b95f (mono-2.0-bdwgc) [object.c:2968] mono_runtime_invoke 
0x00007ff791b9b5f4 (Unity) scripting_method_invoke
0x00007ff791b93f95 (Unity) ScriptingInvocation::Invoke
0x00007ff791b8ce95 (Unity) ScriptingInvocation::Invoke<void>
0x00007ff79023f4eb (Unity) Scripting::UnityEditor::EditorAssembliesProxy::ProcessInitializeOnLoadAttributes
0x00007ff791b61e05 (Unity) MonoManager::SetupLoadedEditorAssemblies
0x00007ff791b5910c (Unity) MonoManager::EndReloadAssembly
0x00007ff791b5ffe9 (Unity) MonoManager::ReloadAssembly
0x00007ff792efa2a1 (Unity) LoadDomainAndUserAssemblies
0x00007ff792efa74e (Unity) LoadUserAssemblies
0x00007ff792887ee1 (Unity) Application::InitializeProject
0x00007ff7931fd0b2 (Unity) WinMain
0x00007ff795060c66 (Unity) __scrt_common_main_seh
0x00007ffe95e17034 (KERNEL32) BaseThreadInitThunk
0x00007ffe97862651 (ntdll) RtlUserThreadStart

Invoked RoslynAnalysisRunner static constructor.
RoslynAnalysisRunner will not be running.
RoslynAnalysisRunner has terminated.
Mono: successfully reloaded assembly
- Completed reload, in  1.328 seconds
Platform modules already initialized, skipping
========================================================================
Worker process is ready to serve import requests
Launched and connected shader compiler UnityShaderCompiler.exe after 0.06 seconds
Refreshing native plugins compatible for Editor in 1.50 ms, found 4 plugins.
Preloading 0 native plugins for Editor in 0.00 ms.
Unloading 2421 Unused Serialized files (Serialized files now loaded: 0)
System memory in use before: 104.0 MB.
System memory in use after: 104.2 MB.

Unloading 209 unused Assets to reduce memory usage. Loaded Objects now: 2704.
Total: 4.444500 ms (FindLiveObjects: 0.248300 ms CreateObjectMapping: 0.077100 ms MarkObjects: 4.029200 ms  DeleteObjects: 0.088800 ms)

========================================================================
Received Import Request.
  path: Assets/bouy.physicsMaterial2D
  artifactKey: Guid(f0b753c55b18ff24288028d9f4f9aa7c) Importer(815301076,1909f56bfc062723c751e8b465ee728b)
Start importing Assets/bouy.physicsMaterial2D using Guid(f0b753c55b18ff24288028d9f4f9aa7c) Importer(815301076,1909f56bfc062723c751e8b465ee728b)  -> (artifact id: '5de5440651e326dd3efbf7bce4c8c66b') in 0.030925 seconds
  Import took 0.034224 seconds .

========================================================================
Received Import Request.
  Time since last request: 0.607592 seconds.
  path: Assets/bouy.physicsMaterial2D
  artifactKey: Guid(f0b753c55b18ff24288028d9f4f9aa7c) Importer(815301076,1909f56bfc062723c751e8b465ee728b)
Start importing Assets/bouy.physicsMaterial2D using Guid(f0b753c55b18ff24288028d9f4f9aa7c) Importer(815301076,1909f56bfc062723c751e8b465ee728b)  -> (artifact id: '5de5440651e326dd3efbf7bce4c8c66b') in 0.006629 seconds
  Import took 0.009760 seconds .

========================================================================
Received Prepare
Registering precompiled user dll's ...
Registered in 0.011779 seconds.
Begin MonoManager ReloadAssembly
Error: Could not load signature of Unity.Android.Logcat.AndroidLogcat:.ctor due to: Could not load file or assembly 'UnityEditor.Android.Extensions, Version=1.0.0.0, Culture=neutral, PublicKeyToken=null' or one of its dependencies. assembly:UnityEditor.Android.Extensions, Version=1.0.0.0, Culture=neutral, PublicKeyToken=null type:<unknown type> member:(null) signature:<none>
0x00007ff791d1f02c (Unity) StackWalker::GetCurrentCallstack
0x00007ff791d27409 (Unity) StackWalker::ShowCallstack
0x00007ff7931efafc (Unity) GetStacktrace
0x00007ff7942caf63 (Unity) DebugStringToFile
0x00007ff791b459eb (Unity) ScanForAttributesAndInterfaceImplementations
0x00007ff791b58dba (Unity) MonoManager::EndReloadAssembly
0x00007ff791b5ffe9 (Unity) MonoManager::ReloadAssembly
0x00007ff792efa2a1 (Unity) LoadDomainAndUserAssemblies
0x00007ff792efa74e (Unity) LoadUserAssemblies
0x00007ff7933239e9 (Unity) <lambda_fe9441f73272b7bdb4fc543a788e7929>::operator()
0x00007ff7933edd82 (Unity) asio::detail::completion_handler<core::mutable_function<void __cdecl(void)> >::do_complete
0x00007ff7933efee0 (Unity) asio::detail::win_iocp_io_service::do_one
0x00007ff7933f366e (Unity) asio::io_service::run
0x00007ff793369ba0 (Unity) RunAssetImportWorkerClientV2
0x00007ff793369bf0 (Unity) RunAssetImporterV2
0x00007ff792887ee6 (Unity) Application::InitializeProject
0x00007ff7931fd0b2 (Unity) WinMain
0x00007ff795060c66 (Unity) __scrt_common_main_seh
0x00007ffe95e17034 (KERNEL32) BaseThreadInitThunk
0x00007ffe97862651 (ntdll) RtlUserThreadStart

Unloading broken assembly Library/ScriptAssemblies/Unity.Mobile.AndroidLogcat.Editor.dll, this assembly can cause crashes in the runtime
0x00007ff791d1f02c (Unity) StackWalker::GetCurrentCallstack
0x00007ff791d27409 (Unity) StackWalker::ShowCallstack
0x00007ff7931efafc (Unity) GetStacktrace
0x00007ff7942caf63 (Unity) DebugStringToFile
0x00007ff791b61b39 (Unity) MonoManager::SetupLoadedEditorAssemblies
0x00007ff791b5910c (Unity) MonoManager::EndReloadAssembly
0x00007ff791b5ffe9 (Unity) MonoManager::ReloadAssembly
0x00007ff792efa2a1 (Unity) LoadDomainAndUserAssemblies
0x00007ff792efa74e (Unity) LoadUserAssemblies
0x00007ff7933239e9 (Unity) <lambda_fe9441f73272b7bdb4fc543a788e7929>::operator()
0x00007ff7933edd82 (Unity) asio::detail::completion_handler<core::mutable_function<void __cdecl(void)> >::do_complete
0x00007ff7933efee0 (Unity) asio::detail::win_iocp_io_service::do_one
0x00007ff7933f366e (Unity) asio::io_service::run
0x00007ff793369ba0 (Unity) RunAssetImportWorkerClientV2
0x00007ff793369bf0 (Unity) RunAssetImporterV2
0x00007ff792887ee6 (Unity) Application::InitializeProject
0x00007ff7931fd0b2 (Unity) WinMain
0x00007ff795060c66 (Unity) __scrt_common_main_seh
0x00007ffe95e17034 (KERNEL32) BaseThreadInitThunk
0x00007ffe97862651 (ntdll) RtlUserThreadStart

Native extension for WindowsStandalone target not found
Native extension for WebGL target not found
Refreshing native plugins compatible for Editor in 1.65 ms, found 4 plugins.
Preloading 0 native plugins for Editor in 0.00 ms.
UnityIAP: [InitializeOnLoad] Facebook Check
UnityIAP: Runtime [2020.2.2f1]
UnityIAP: Current Build is Android:Android
UnityIAP: stub FacebookStore.dll disabled
GPGSUpgrader start
0x00007ff791d1f02c (Unity) StackWalker::GetCurrentCallstack
0x00007ff791d27409 (Unity) StackWalker::ShowCallstack
0x00007ff7931efafc (Unity) GetStacktrace
0x00007ff7942caf63 (Unity) DebugStringToFile
0x00007ff791d3fb26 (Unity) DebugLogHandler_CUSTOM_Internal_Log
0x0000020e299a71eb (Mono JIT Code) (wrapper managed-to-native) UnityEngine.DebugLogHandler:Internal_Log (UnityEngine.LogType,UnityEngine.LogOption,string,UnityEngine.Object)
0x0000020e299a6e0b (Mono JIT Code) UnityEngine.DebugLogHandler:LogFormat (UnityEngine.LogType,UnityEngine.Object,string,object[])
0x0000020e299a632e (Mono JIT Code) UnityEngine.Logger:Log (UnityEngine.LogType,object)
0x0000020e299a58cd (Mono JIT Code) UnityEngine.Debug:Log (object)
0x0000020e299a44a3 (Mono JIT Code) [GPGSUpgrader.cs:38] GooglePlayGames.Editor.GPGSUpgrader:.cctor () 
0x0000020e299a5435 (Mono JIT Code) (wrapper runtime-invoke) object:runtime_invoke_void (object,intptr,intptr,intptr)
0x00007ffe236be0c0 (mono-2.0-bdwgc) [mini-runtime.c:2812] mono_jit_runtime_invoke 
0x00007ffe23642902 (mono-2.0-bdwgc) [object.c:2921] do_runtime_invoke 
0x00007ffe2364b01c (mono-2.0-bdwgc) [object.c:477] mono_runtime_class_init_full 
0x00007ffe235f8c3e (mono-2.0-bdwgc) [icall.c:990] ves_icall_System_Runtime_CompilerServices_RuntimeHelpers_RunClassConstructor 
0x0000020e29782c27 (Mono JIT Code) (wrapper managed-to-native) System.Runtime.CompilerServices.RuntimeHelpers:RunClassConstructor (intptr)
0x0000020e29782afb (Mono JIT Code) System.Runtime.CompilerServices.RuntimeHelpers:RunClassConstructor (System.RuntimeTypeHandle)
0x0000020e29782603 (Mono JIT Code) UnityEditor.EditorAssemblies:ProcessInitializeOnLoadAttributes (System.Type[])
0x0000020c534e70bb (Mono JIT Code) (wrapper runtime-invoke) <Module>:runtime_invoke_void_object (object,intptr,intptr,intptr)
0x00007ffe236be0c0 (mono-2.0-bdwgc) [mini-runtime.c:2812] mono_jit_runtime_invoke 
0x00007ffe23642902 (mono-2.0-bdwgc) [object.c:2921] do_runtime_invoke 
0x00007ffe2364b95f (mono-2.0-bdwgc) [object.c:2968] mono_runtime_invoke 
0x00007ff791b9b5f4 (Unity) scripting_method_invoke
0x00007ff791b93f95 (Unity) ScriptingInvocation::Invoke
0x00007ff791b8ce95 (Unity) ScriptingInvocation::Invoke<void>
0x00007ff79023f4eb (Unity) Scripting::UnityEditor::EditorAssembliesProxy::ProcessInitializeOnLoadAttributes
0x00007ff791b61e05 (Unity) MonoManager::SetupLoadedEditorAssemblies
0x00007ff791b5910c (Unity) MonoManager::EndReloadAssembly
0x00007ff791b5ffe9 (Unity) MonoManager::ReloadAssembly
0x00007ff792efa2a1 (Unity) LoadDomainAndUserAssemblies
0x00007ff792efa74e (Unity) LoadUserAssemblies
0x00007ff7933239e9 (Unity) <lambda_fe9441f73272b7bdb4fc543a788e7929>::operator()
0x00007ff7933edd82 (Unity) asio::detail::completion_handler<core::mutable_function<void __cdecl(void)> >::do_complete
0x00007ff7933efee0 (Unity) asio::detail::win_iocp_io_service::do_one
0x00007ff7933f366e (Unity) asio::io_service::run
0x00007ff793369ba0 (Unity) RunAssetImportWorkerClientV2
0x00007ff793369bf0 (Unity) RunAssetImporterV2
0x00007ff792887ee6 (Unity) Application::InitializeProject
0x00007ff7931fd0b2 (Unity) WinMain
0x00007ff795060c66 (Unity) __scrt_common_main_seh
0x00007ffe95e17034 (KERNEL32) BaseThreadInitThunk
0x00007ffe97862651 (ntdll) RtlUserThreadStart

GPGSUpgrader done
0x00007ff791d1f02c (Unity) StackWalker::GetCurrentCallstack
0x00007ff791d27409 (Unity) StackWalker::ShowCallstack
0x00007ff7931efafc (Unity) GetStacktrace
0x00007ff7942caf63 (Unity) DebugStringToFile
0x00007ff791d3fb26 (Unity) DebugLogHandler_CUSTOM_Internal_Log
0x0000020e299a71eb (Mono JIT Code) (wrapper managed-to-native) UnityEngine.DebugLogHandler:Internal_Log (UnityEngine.LogType,UnityEngine.LogOption,string,UnityEngine.Object)
0x0000020e299a6e0b (Mono JIT Code) UnityEngine.DebugLogHandler:LogFormat (UnityEngine.LogType,UnityEngine.Object,string,object[])
0x0000020e299a632e (Mono JIT Code) UnityEngine.Logger:Log (UnityEngine.LogType,object)
0x0000020e299a58cd (Mono JIT Code) UnityEngine.Debug:Log (object)
0x0000020e299a50db (Mono JIT Code) [GPGSUpgrader.cs:105] GooglePlayGames.Editor.GPGSUpgrader:.cctor () 
0x0000020e299a5435 (Mono JIT Code) (wrapper runtime-invoke) object:runtime_invoke_void (object,intptr,intptr,intptr)
0x00007ffe236be0c0 (mono-2.0-bdwgc) [mini-runtime.c:2812] mono_jit_runtime_invoke 
0x00007ffe23642902 (mono-2.0-bdwgc) [object.c:2921] do_runtime_invoke 
0x00007ffe2364b01c (mono-2.0-bdwgc) [object.c:477] mono_runtime_class_init_full 
0x00007ffe235f8c3e (mono-2.0-bdwgc) [icall.c:990] ves_icall_System_Runtime_CompilerServices_RuntimeHelpers_RunClassConstructor 
0x0000020e29782c27 (Mono JIT Code) (wrapper managed-to-native) System.Runtime.CompilerServices.RuntimeHelpers:RunClassConstructor (intptr)
0x0000020e29782afb (Mono JIT Code) System.Runtime.CompilerServices.RuntimeHelpers:RunClassConstructor (System.RuntimeTypeHandle)
0x0000020e29782603 (Mono JIT Code) UnityEditor.EditorAssemblies:ProcessInitializeOnLoadAttributes (System.Type[])
0x0000020c534e70bb (Mono JIT Code) (wrapper runtime-invoke) <Module>:runtime_invoke_void_object (object,intptr,intptr,intptr)
0x00007ffe236be0c0 (mono-2.0-bdwgc) [mini-runtime.c:2812] mono_jit_runtime_invoke 
0x00007ffe23642902 (mono-2.0-bdwgc) [object.c:2921] do_runtime_invoke 
0x00007ffe2364b95f (mono-2.0-bdwgc) [object.c:2968] mono_runtime_invoke 
0x00007ff791b9b5f4 (Unity) scripting_method_invoke
0x00007ff791b93f95 (Unity) ScriptingInvocation::Invoke
0x00007ff791b8ce95 (Unity) ScriptingInvocation::Invoke<void>
0x00007ff79023f4eb (Unity) Scripting::UnityEditor::EditorAssembliesProxy::ProcessInitializeOnLoadAttributes
0x00007ff791b61e05 (Unity) MonoManager::SetupLoadedEditorAssemblies
0x00007ff791b5910c (Unity) MonoManager::EndReloadAssembly
0x00007ff791b5ffe9 (Unity) MonoManager::ReloadAssembly
0x00007ff792efa2a1 (Unity) LoadDomainAndUserAssemblies
0x00007ff792efa74e (Unity) LoadUserAssemblies
0x00007ff7933239e9 (Unity) <lambda_fe9441f73272b7bdb4fc543a788e7929>::operator()
0x00007ff7933edd82 (Unity) asio::detail::completion_handler<core::mutable_function<void __cdecl(void)> >::do_complete
0x00007ff7933efee0 (Unity) asio::detail::win_iocp_io_service::do_one
0x00007ff7933f366e (Unity) asio::io_service::run
0x00007ff793369ba0 (Unity) RunAssetImportWorkerClientV2
0x00007ff793369bf0 (Unity) RunAssetImporterV2
0x00007ff792887ee6 (Unity) Application::InitializeProject
0x00007ff7931fd0b2 (Unity) WinMain
0x00007ff795060c66 (Unity) __scrt_common_main_seh
0x00007ffe95e17034 (KERNEL32) BaseThreadInitThunk
0x00007ffe97862651 (ntdll) RtlUserThreadStart

Invoked RoslynAnalysisRunner static constructor.
RoslynAnalysisRunner will not be running.
RoslynAnalysisRunner has terminated.
Mono: successfully reloaded assembly
- Completed reload, in  1.192 seconds
Platform modules already initialized, skipping
Switching build target platform(5) subTarget(0) extendedPlatform(0) -> platform(13) subTarget(589824) extendedPlatform(0)
Refreshing native plugins compatible for Editor in 1.72 ms, found 4 plugins.
Preloading 0 native plugins for Editor in 0.00 ms.
Unloading 2469 Unused Serialized files (Serialized files now loaded: 0)
System memory in use before: 104.7 MB.
System memory in use after: 104.9 MB.

Unloading 332 unused Assets to reduce memory usage. Loaded Objects now: 2707.
Total: 4.717000 ms (FindLiveObjects: 0.254600 ms CreateObjectMapping: 0.066600 ms MarkObjects: 4.315900 ms  DeleteObjects: 0.078900 ms)

AssetImportParameters requested are different than current active one (requested -> active):
  custom:graphics/normal-map-encoding: 01000000000000000000000000000000 -> 02000000000000000000000000000000
========================================================================
Received Prepare
Registering precompiled user dll's ...
Registered in 0.011578 seconds.
Begin MonoManager ReloadAssembly
Error: Could not load signature of Unity.Android.Logcat.AndroidLogcat:.ctor due to: Could not load file or assembly 'UnityEditor.Android.Extensions, Version=1.0.0.0, Culture=neutral, PublicKeyToken=null' or one of its dependencies. assembly:UnityEditor.Android.Extensions, Version=1.0.0.0, Culture=neutral, PublicKeyToken=null type:<unknown type> member:(null) signature:<none>
0x00007ff791d1f02c (Unity) StackWalker::GetCurrentCallstack
0x00007ff791d27409 (Unity) StackWalker::ShowCallstack
0x00007ff7931efafc (Unity) GetStacktrace
0x00007ff7942caf63 (Unity) DebugStringToFile
0x00007ff791b459eb (Unity) ScanForAttributesAndInterfaceImplementations
0x00007ff791b58dba (Unity) MonoManager::EndReloadAssembly
0x00007ff791b5ffe9 (Unity) MonoManager::ReloadAssembly
0x00007ff792efa2a1 (Unity) LoadDomainAndUserAssemblies
0x00007ff792efa74e (Unity) LoadUserAssemblies
0x00007ff7933239e9 (Unity) <lambda_fe9441f73272b7bdb4fc543a788e7929>::operator()
0x00007ff7933edd82 (Unity) asio::detail::completion_handler<core::mutable_function<void __cdecl(void)> >::do_complete
0x00007ff7933efee0 (Unity) asio::detail::win_iocp_io_service::do_one
0x00007ff7933f366e (Unity) asio::io_service::run
0x00007ff793369ba0 (Unity) RunAssetImportWorkerClientV2
0x00007ff793369bf0 (Unity) RunAssetImporterV2
0x00007ff792887ee6 (Unity) Application::InitializeProject
0x00007ff7931fd0b2 (Unity) WinMain
0x00007ff795060c66 (Unity) __scrt_common_main_seh
0x00007ffe95e17034 (KERNEL32) BaseThreadInitThunk
0x00007ffe97862651 (ntdll) RtlUserThreadStart

Unloading broken assembly Library/ScriptAssemblies/Unity.Mobile.AndroidLogcat.Editor.dll, this assembly can cause crashes in the runtime
0x00007ff791d1f02c (Unity) StackWalker::GetCurrentCallstack
0x00007ff791d27409 (Unity) StackWalker::ShowCallstack
0x00007ff7931efafc (Unity) GetStacktrace
0x00007ff7942caf63 (Unity) DebugStringToFile
0x00007ff791b61b39 (Unity) MonoManager::SetupLoadedEditorAssemblies
0x00007ff791b5910c (Unity) MonoManager::EndReloadAssembly
0x00007ff791b5ffe9 (Unity) MonoManager::ReloadAssembly
0x00007ff792efa2a1 (Unity) LoadDomainAndUserAssemblies
0x00007ff792efa74e (Unity) LoadUserAssemblies
0x00007ff7933239e9 (Unity) <lambda_fe9441f73272b7bdb4fc543a788e7929>::operator()
0x00007ff7933edd82 (Unity) asio::detail::completion_handler<core::mutable_function<void __cdecl(void)> >::do_complete
0x00007ff7933efee0 (Unity) asio::detail::win_iocp_io_service::do_one
0x00007ff7933f366e (Unity) asio::io_service::run
0x00007ff793369ba0 (Unity) RunAssetImportWorkerClientV2
0x00007ff793369bf0 (Unity) RunAssetImporterV2
0x00007ff792887ee6 (Unity) Application::InitializeProject
0x00007ff7931fd0b2 (Unity) WinMain
0x00007ff795060c66 (Unity) __scrt_common_main_seh
0x00007ffe95e17034 (KERNEL32) BaseThreadInitThunk
0x00007ffe97862651 (ntdll) RtlUserThreadStart

Native extension for WindowsStandalone target not found
Native extension for WebGL target not found
Refreshing native plugins compatible for Editor in 1.90 ms, found 4 plugins.
Preloading 0 native plugins for Editor in 0.00 ms.
UnityIAP: [InitializeOnLoad] Facebook Check
UnityIAP: Runtime [2020.2.2f1]
UnityIAP: Current Build is Android:Android
UnityIAP: stub FacebookStore.dll disabled
GPGSUpgrader start
0x00007ff791d1f02c (Unity) StackWalker::GetCurrentCallstack
0x00007ff791d27409 (Unity) StackWalker::ShowCallstack
0x00007ff7931efafc (Unity) GetStacktrace
0x00007ff7942caf63 (Unity) DebugStringToFile
0x00007ff791d3fb26 (Unity) DebugLogHandler_CUSTOM_Internal_Log
0x0000020e29caebab (Mono JIT Code) (wrapper managed-to-native) UnityEngine.DebugLogHandler:Internal_Log (UnityEngine.LogType,UnityEngine.LogOption,string,UnityEngine.Object)
0x0000020e29cae7cb (Mono JIT Code) UnityEngine.DebugLogHandler:LogFormat (UnityEngine.LogType,UnityEngine.Object,string,object[])
0x0000020e29cadcee (Mono JIT Code) UnityEngine.Logger:Log (UnityEngine.LogType,object)
0x0000020e29cad28d (Mono JIT Code) UnityEngine.Debug:Log (object)
0x0000020e29cabe63 (Mono JIT Code) [GPGSUpgrader.cs:38] GooglePlayGames.Editor.GPGSUpgrader:.cctor () 
0x0000020e29cacdf5 (Mono JIT Code) (wrapper runtime-invoke) object:runtime_invoke_void (object,intptr,intptr,intptr)
0x00007ffe236be0c0 (mono-2.0-bdwgc) [mini-runtime.c:2812] mono_jit_runtime_invoke 
0x00007ffe23642902 (mono-2.0-bdwgc) [object.c:2921] do_runtime_invoke 
0x00007ffe2364b01c (mono-2.0-bdwgc) [object.c:477] mono_runtime_class_init_full 
0x00007ffe235f8c3e (mono-2.0-bdwgc) [icall.c:990] ves_icall_System_Runtime_CompilerServices_RuntimeHelpers_RunClassConstructor 
0x0000020e29afce87 (Mono JIT Code) (wrapper managed-to-native) System.Runtime.CompilerServices.RuntimeHelpers:RunClassConstructor (intptr)
0x0000020e29afcd5b (Mono JIT Code) System.Runtime.CompilerServices.RuntimeHelpers:RunClassConstructor (System.RuntimeTypeHandle)
0x0000020e29afc863 (Mono JIT Code) UnityEditor.EditorAssemblies:ProcessInitializeOnLoadAttributes (System.Type[])
0x0000020e2996412b (Mono JIT Code) (wrapper runtime-invoke) <Module>:runtime_invoke_void_object (object,intptr,intptr,intptr)
0x00007ffe236be0c0 (mono-2.0-bdwgc) [mini-runtime.c:2812] mono_jit_runtime_invoke 
0x00007ffe23642902 (mono-2.0-bdwgc) [object.c:2921] do_runtime_invoke 
0x00007ffe2364b95f (mono-2.0-bdwgc) [object.c:2968] mono_runtime_invoke 
0x00007ff791b9b5f4 (Unity) scripting_method_invoke
0x00007ff791b93f95 (Unity) ScriptingInvocation::Invoke
0x00007ff791b8ce95 (Unity) ScriptingInvocation::Invoke<void>
0x00007ff79023f4eb (Unity) Scripting::UnityEditor::EditorAssembliesProxy::ProcessInitializeOnLoadAttributes
0x00007ff791b61e05 (Unity) MonoManager::SetupLoadedEditorAssemblies
0x00007ff791b5910c (Unity) MonoManager::EndReloadAssembly
0x00007ff791b5ffe9 (Unity) MonoManager::ReloadAssembly
0x00007ff792efa2a1 (Unity) LoadDomainAndUserAssemblies
0x00007ff792efa74e (Unity) LoadUserAssemblies
0x00007ff7933239e9 (Unity) <lambda_fe9441f73272b7bdb4fc543a788e7929>::operator()
0x00007ff7933edd82 (Unity) asio::detail::completion_handler<core::mutable_function<void __cdecl(void)> >::do_complete
0x00007ff7933efee0 (Unity) asio::detail::win_iocp_io_service::do_one
0x00007ff7933f366e (Unity) asio::io_service::run
0x00007ff793369ba0 (Unity) RunAssetImportWorkerClientV2
0x00007ff793369bf0 (Unity) RunAssetImporterV2
0x00007ff792887ee6 (Unity) Application::InitializeProject
0x00007ff7931fd0b2 (Unity) WinMain
0x00007ff795060c66 (Unity) __scrt_common_main_seh
0x00007ffe95e17034 (KERNEL32) BaseThreadInitThunk
0x00007ffe97862651 (ntdll) RtlUserThreadStart

GPGSUpgrader done
0x00007ff791d1f02c (Unity) StackWalker::GetCurrentCallstack
0x00007ff791d27409 (Unity) StackWalker::ShowCallstack
0x00007ff7931efafc (Unity) GetStacktrace
0x00007ff7942caf63 (Unity) DebugStringToFile
0x00007ff791d3fb26 (Unity) DebugLogHandler_CUSTOM_Internal_Log
0x0000020e29caebab (Mono JIT Code) (wrapper managed-to-native) UnityEngine.DebugLogHandler:Internal_Log (UnityEngine.LogType,UnityEngine.LogOption,string,UnityEngine.Object)
0x0000020e29cae7cb (Mono JIT Code) UnityEngine.DebugLogHandler:LogFormat (UnityEngine.LogType,UnityEngine.Object,string,object[])
0x0000020e29cadcee (Mono JIT Code) UnityEngine.Logger:Log (UnityEngine.LogType,object)
0x0000020e29cad28d (Mono JIT Code) UnityEngine.Debug:Log (object)
0x0000020e29caca9b (Mono JIT Code) [GPGSUpgrader.cs:105] GooglePlayGames.Editor.GPGSUpgrader:.cctor () 
0x0000020e29cacdf5 (Mono JIT Code) (wrapper runtime-invoke) object:runtime_invoke_void (object,intptr,intptr,intptr)
0x00007ffe236be0c0 (mono-2.0-bdwgc) [mini-runtime.c:2812] mono_jit_runtime_invoke 
0x00007ffe23642902 (mono-2.0-bdwgc) [object.c:2921] do_runtime_invoke 
0x00007ffe2364b01c (mono-2.0-bdwgc) [object.c:477] mono_runtime_class_init_full 
0x00007ffe235f8c3e (mono-2.0-bdwgc) [icall.c:990] ves_icall_System_Runtime_CompilerServices_RuntimeHelpers_RunClassConstructor 
0x0000020e29afce87 (Mono JIT Code) (wrapper managed-to-native) System.Runtime.CompilerServices.RuntimeHelpers:RunClassConstructor (intptr)
0x0000020e29afcd5b (Mono JIT Code) System.Runtime.CompilerServices.RuntimeHelpers:RunClassConstructor (System.RuntimeTypeHandle)
0x0000020e29afc863 (Mono JIT Code) UnityEditor.EditorAssemblies:ProcessInitializeOnLoadAttributes (System.Type[])
0x0000020e2996412b (Mono JIT Code) (wrapper runtime-invoke) <Module>:runtime_invoke_void_object (object,intptr,intptr,intptr)
0x00007ffe236be0c0 (mono-2.0-bdwgc) [mini-runtime.c:2812] mono_jit_runtime_invoke 
0x00007ffe23642902 (mono-2.0-bdwgc) [object.c:2921] do_runtime_invoke 
0x00007ffe2364b95f (mono-2.0-bdwgc) [object.c:2968] mono_runtime_invoke 
0x00007ff791b9b5f4 (Unity) scripting_method_invoke
0x00007ff791b93f95 (Unity) ScriptingInvocation::Invoke
0x00007ff791b8ce95 (Unity) ScriptingInvocation::Invoke<void>
0x00007ff79023f4eb (Unity) Scripting::UnityEditor::EditorAssembliesProxy::ProcessInitializeOnLoadAttributes
0x00007ff791b61e05 (Unity) MonoManager::SetupLoadedEditorAssemblies
0x00007ff791b5910c (Unity) MonoManager::EndReloadAssembly
0x00007ff791b5ffe9 (Unity) MonoManager::ReloadAssembly
0x00007ff792efa2a1 (Unity) LoadDomainAndUserAssemblies
0x00007ff792efa74e (Unity) LoadUserAssemblies
0x00007ff7933239e9 (Unity) <lambda_fe9441f73272b7bdb4fc543a788e7929>::operator()
0x00007ff7933edd82 (Unity) asio::detail::completion_handler<core::mutable_function<void __cdecl(void)> >::do_complete
0x00007ff7933efee0 (Unity) asio::detail::win_iocp_io_service::do_one
0x00007ff7933f366e (Unity) asio::io_service::run
0x00007ff793369ba0 (Unity) RunAssetImportWorkerClientV2
0x00007ff793369bf0 (Unity) RunAssetImporterV2
0x00007ff792887ee6 (Unity) Application::InitializeProject
0x00007ff7931fd0b2 (Unity) WinMain
0x00007ff795060c66 (Unity) __scrt_common_main_seh
0x00007ffe95e17034 (KERNEL32) BaseThreadInitThunk
0x00007ffe97862651 (ntdll) RtlUserThreadStart

Invoked RoslynAnalysisRunner static constructor.
RoslynAnalysisRunner will not be running.
RoslynAnalysisRunner has terminated.
Mono: successfully reloaded assembly
- Completed reload, in  1.136 seconds
Platform modules already initialized, skipping
Switching build target platform(5) subTarget(0) extendedPlatform(0) -> platform(13) subTarget(589824) extendedPlatform(0)
Refreshing native plugins compatible for Editor in 1.68 ms, found 4 plugins.
Preloading 0 native plugins for Editor in 0.00 ms.
Unloading 2469 Unused Serialized files (Serialized files now loaded: 0)
System memory in use before: 104.8 MB.
System memory in use after: 105.0 MB.

Unloading 332 unused Assets to reduce memory usage. Loaded Objects now: 2710.
Total: 4.761800 ms (FindLiveObjects: 0.236900 ms CreateObjectMapping: 0.082400 ms MarkObjects: 4.362600 ms  DeleteObjects: 0.079100 ms)

AssetImportParameters requested are different than current active one (requested -> active):
  custom:graphics/normal-map-encoding: 01000000000000000000000000000000 -> 02000000000000000000000000000000
========================================================================
Received Prepare
Registering precompiled user dll's ...
Registered in 0.011495 seconds.
Begin MonoManager ReloadAssembly
Error: Could not load signature of Unity.Android.Logcat.AndroidLogcat:.ctor due to: Could not load file or assembly 'UnityEditor.Android.Extensions, Version=1.0.0.0, Culture=neutral, PublicKeyToken=null' or one of its dependencies. assembly:UnityEditor.Android.Extensions, Version=1.0.0.0, Culture=neutral, PublicKeyToken=null type:<unknown type> member:(null) signature:<none>
0x00007ff791d1f02c (Unity) StackWalker::GetCurrentCallstack
0x00007ff791d27409 (Unity) StackWalker::ShowCallstack
0x00007ff7931efafc (Unity) GetStacktrace
0x00007ff7942caf63 (Unity) DebugStringToFile
0x00007ff791b459eb (Unity) ScanForAttributesAndInterfaceImplementations
0x00007ff791b58dba (Unity) MonoManager::EndReloadAssembly
0x00007ff791b5ffe9 (Unity) MonoManager::ReloadAssembly
0x00007ff792efa2a1 (Unity) LoadDomainAndUserAssemblies
0x00007ff792efa74e (Unity) LoadUserAssemblies
0x00007ff7933239e9 (Unity) <lambda_fe9441f73272b7bdb4fc543a788e7929>::operator()
0x00007ff7933edd82 (Unity) asio::detail::completion_handler<core::mutable_function<void __cdecl(void)> >::do_complete
0x00007ff7933efee0 (Unity) asio::detail::win_iocp_io_service::do_one
0x00007ff7933f366e (Unity) asio::io_service::run
0x00007ff793369ba0 (Unity) RunAssetImportWorkerClientV2
0x00007ff793369bf0 (Unity) RunAssetImporterV2
0x00007ff792887ee6 (Unity) Application::InitializeProject
0x00007ff7931fd0b2 (Unity) WinMain
0x00007ff795060c66 (Unity) __scrt_common_main_seh
0x00007ffe95e17034 (KERNEL32) BaseThreadInitThunk
0x00007ffe97862651 (ntdll) RtlUserThreadStart

Unloading broken assembly Library/ScriptAssemblies/Unity.Mobile.AndroidLogcat.Editor.dll, this assembly can cause crashes in the runtime
0x00007ff791d1f02c (Unity) StackWalker::GetCurrentCallstack
0x00007ff791d27409 (Unity) StackWalker::ShowCallstack
0x00007ff7931efafc (Unity) GetStacktrace
0x00007ff7942caf63 (Unity) DebugStringToFile
0x00007ff791b61b39 (Unity) MonoManager::SetupLoadedEditorAssemblies
0x00007ff791b5910c (Unity) MonoManager::EndReloadAssembly
0x00007ff791b5ffe9 (Unity) MonoManager::ReloadAssembly
0x00007ff792efa2a1 (Unity) LoadDomainAndUserAssemblies
0x00007ff792efa74e (Unity) LoadUserAssemblies
0x00007ff7933239e9 (Unity) <lambda_fe9441f73272b7bdb4fc543a788e7929>::operator()
0x00007ff7933edd82 (Unity) asio::detail::completion_handler<core::mutable_function<void __cdecl(void)> >::do_complete
0x00007ff7933efee0 (Unity) asio::detail::win_iocp_io_service::do_one
0x00007ff7933f366e (Unity) asio::io_service::run
0x00007ff793369ba0 (Unity) RunAssetImportWorkerClientV2
0x00007ff793369bf0 (Unity) RunAssetImporterV2
0x00007ff792887ee6 (Unity) Application::InitializeProject
0x00007ff7931fd0b2 (Unity) WinMain
0x00007ff795060c66 (Unity) __scrt_common_main_seh
0x00007ffe95e17034 (KERNEL32) BaseThreadInitThunk
0x00007ffe97862651 (ntdll) RtlUserThreadStart

Native extension for WindowsStandalone target not found
Native extension for WebGL target not found
Refreshing native plugins compatible for Editor in 1.67 ms, found 4 plugins.
Preloading 0 native plugins for Editor in 0.00 ms.
UnityIAP: [InitializeOnLoad] Facebook Check
UnityIAP: Runtime [2020.2.2f1]
UnityIAP: Current Build is Android:Android
UnityIAP: stub FacebookStore.dll disabled
GPGSUpgrader start
0x00007ff791d1f02c (Unity) StackWalker::GetCurrentCallstack
0x00007ff791d27409 (Unity) StackWalker::ShowCallstack
0x00007ff7931efafc (Unity) GetStacktrace
0x00007ff7942caf63 (Unity) DebugStringToFile
0x00007ff791d3fb26 (Unity) DebugLogHandler_CUSTOM_Internal_Log
0x0000020e2999ebab (Mono JIT Code) (wrapper managed-to-native) UnityEngine.DebugLogHandler:Internal_Log (UnityEngine.LogType,UnityEngine.LogOption,string,UnityEngine.Object)
0x0000020e2999e7cb (Mono JIT Code) UnityEngine.DebugLogHandler:LogFormat (UnityEngine.LogType,UnityEngine.Object,string,object[])
0x0000020e2999dcee (Mono JIT Code) UnityEngine.Logger:Log (UnityEngine.LogType,object)
0x0000020e2999d28d (Mono JIT Code) UnityEngine.Debug:Log (object)
0x0000020e2999be63 (Mono JIT Code) [GPGSUpgrader.cs:38] GooglePlayGames.Editor.GPGSUpgrader:.cctor () 
0x0000020e2999cdf5 (Mono JIT Code) (wrapper runtime-invoke) object:runtime_invoke_void (object,intptr,intptr,intptr)
0x00007ffe236be0c0 (mono-2.0-bdwgc) [mini-runtime.c:2812] mono_jit_runtime_invoke 
0x00007ffe23642902 (mono-2.0-bdwgc) [object.c:2921] do_runtime_invoke 
0x00007ffe2364b01c (mono-2.0-bdwgc) [object.c:477] mono_runtime_class_init_full 
0x00007ffe235f8c3e (mono-2.0-bdwgc) [icall.c:990] ves_icall_System_Runtime_CompilerServices_RuntimeHelpers_RunClassConstructor 
0x0000020e296eabd7 (Mono JIT Code) (wrapper managed-to-native) System.Runtime.CompilerServices.RuntimeHelpers:RunClassConstructor (intptr)
0x0000020e296eaaab (Mono JIT Code) System.Runtime.CompilerServices.RuntimeHelpers:RunClassConstructor (System.RuntimeTypeHandle)
0x0000020e296ea5b3 (Mono JIT Code) UnityEditor.EditorAssemblies:ProcessInitializeOnLoadAttributes (System.Type[])
0x0000020e29c9412b (Mono JIT Code) (wrapper runtime-invoke) <Module>:runtime_invoke_void_object (object,intptr,intptr,intptr)
0x00007ffe236be0c0 (mono-2.0-bdwgc) [mini-runtime.c:2812] mono_jit_runtime_invoke 
0x00007ffe23642902 (mono-2.0-bdwgc) [object.c:2921] do_runtime_invoke 
0x00007ffe2364b95f (mono-2.0-bdwgc) [object.c:2968] mono_runtime_invoke 
0x00007ff791b9b5f4 (Unity) scripting_method_invoke
0x00007ff791b93f95 (Unity) ScriptingInvocation::Invoke
0x00007ff791b8ce95 (Unity) ScriptingInvocation::Invoke<void>
0x00007ff79023f4eb (Unity) Scripting::UnityEditor::EditorAssembliesProxy::ProcessInitializeOnLoadAttributes
0x00007ff791b61e05 (Unity) MonoManager::SetupLoadedEditorAssemblies
0x00007ff791b5910c (Unity) MonoManager::EndReloadAssembly
0x00007ff791b5ffe9 (Unity) MonoManager::ReloadAssembly
0x00007ff792efa2a1 (Unity) LoadDomainAndUserAssemblies
0x00007ff792efa74e (Unity) LoadUserAssemblies
0x00007ff7933239e9 (Unity) <lambda_fe9441f73272b7bdb4fc543a788e7929>::operator()
0x00007ff7933edd82 (Unity) asio::detail::completion_handler<core::mutable_function<void __cdecl(void)> >::do_complete
0x00007ff7933efee0 (Unity) asio::detail::win_iocp_io_service::do_one
0x00007ff7933f366e (Unity) asio::io_service::run
0x00007ff793369ba0 (Unity) RunAssetImportWorkerClientV2
0x00007ff793369bf0 (Unity) RunAssetImporterV2
0x00007ff792887ee6 (Unity) Application::InitializeProject
0x00007ff7931fd0b2 (Unity) WinMain
0x00007ff795060c66 (Unity) __scrt_common_main_seh
0x00007ffe95e17034 (KERNEL32) BaseThreadInitThunk
0x00007ffe97862651 (ntdll) RtlUserThreadStart

GPGSUpgrader done
0x00007ff791d1f02c (Unity) StackWalker::GetCurrentCallstack
0x00007ff791d27409 (Unity) StackWalker::ShowCallstack
0x00007ff7931efafc (Unity) GetStacktrace
0x00007ff7942caf63 (Unity) DebugStringToFile
0x00007ff791d3fb26 (Unity) DebugLogHandler_CUSTOM_Internal_Log
0x0000020e2999ebab (Mono JIT Code) (wrapper managed-to-native) UnityEngine.DebugLogHandler:Internal_Log (UnityEngine.LogType,UnityEngine.LogOption,string,UnityEngine.Object)
0x0000020e2999e7cb (Mono JIT Code) UnityEngine.DebugLogHandler:LogFormat (UnityEngine.LogType,UnityEngine.Object,string,object[])
0x0000020e2999dcee (Mono JIT Code) UnityEngine.Logger:Log (UnityEngine.LogType,object)
0x0000020e2999d28d (Mono JIT Code) UnityEngine.Debug:Log (object)
0x0000020e2999ca9b (Mono JIT Code) [GPGSUpgrader.cs:105] GooglePlayGames.Editor.GPGSUpgrader:.cctor () 
0x0000020e2999cdf5 (Mono JIT Code) (wrapper runtime-invoke) object:runtime_invoke_void (object,intptr,intptr,intptr)
0x00007ffe236be0c0 (mono-2.0-bdwgc) [mini-runtime.c:2812] mono_jit_runtime_invoke 
0x00007ffe23642902 (mono-2.0-bdwgc) [object.c:2921] do_runtime_invoke 
0x00007ffe2364b01c (mono-2.0-bdwgc) [object.c:477] mono_runtime_class_init_full 
0x00007ffe235f8c3e (mono-2.0-bdwgc) [icall.c:990] ves_icall_System_Runtime_CompilerServices_RuntimeHelpers_RunClassConstructor 
0x0000020e296eabd7 (Mono JIT Code) (wrapper managed-to-native) System.Runtime.CompilerServices.RuntimeHelpers:RunClassConstructor (intptr)
0x0000020e296eaaab (Mono JIT Code) System.Runtime.CompilerServices.RuntimeHelpers:RunClassConstructor (System.RuntimeTypeHandle)
0x0000020e296ea5b3 (Mono JIT Code) UnityEditor.EditorAssemblies:ProcessInitializeOnLoadAttributes (System.Type[])
0x0000020e29c9412b (Mono JIT Code) (wrapper runtime-invoke) <Module>:runtime_invoke_void_object (object,intptr,intptr,intptr)
0x00007ffe236be0c0 (mono-2.0-bdwgc) [mini-runtime.c:2812] mono_jit_runtime_invoke 
0x00007ffe23642902 (mono-2.0-bdwgc) [object.c:2921] do_runtime_invoke 
0x00007ffe2364b95f (mono-2.0-bdwgc) [object.c:2968] mono_runtime_invoke 
0x00007ff791b9b5f4 (Unity) scripting_method_invoke
0x00007ff791b93f95 (Unity) ScriptingInvocation::Invoke
0x00007ff791b8ce95 (Unity) ScriptingInvocation::Invoke<void>
0x00007ff79023f4eb (Unity) Scripting::UnityEditor::EditorAssembliesProxy::ProcessInitializeOnLoadAttributes
0x00007ff791b61e05 (Unity) MonoManager::SetupLoadedEditorAssemblies
0x00007ff791b5910c (Unity) MonoManager::EndReloadAssembly
0x00007ff791b5ffe9 (Unity) MonoManager::ReloadAssembly
0x00007ff792efa2a1 (Unity) LoadDomainAndUserAssemblies
0x00007ff792efa74e (Unity) LoadUserAssemblies
0x00007ff7933239e9 (Unity) <lambda_fe9441f73272b7bdb4fc543a788e7929>::operator()
0x00007ff7933edd82 (Unity) asio::detail::completion_handler<core::mutable_function<void __cdecl(void)> >::do_complete
0x00007ff7933efee0 (Unity) asio::detail::win_iocp_io_service::do_one
0x00007ff7933f366e (Unity) asio::io_service::run
0x00007ff793369ba0 (Unity) RunAssetImportWorkerClientV2
0x00007ff793369bf0 (Unity) RunAssetImporterV2
0x00007ff792887ee6 (Unity) Application::InitializeProject
0x00007ff7931fd0b2 (Unity) WinMain
0x00007ff795060c66 (Unity) __scrt_common_main_seh
0x00007ffe95e17034 (KERNEL32) BaseThreadInitThunk
0x00007ffe97862651 (ntdll) RtlUserThreadStart

Invoked RoslynAnalysisRunner static constructor.
RoslynAnalysisRunner will not be running.
RoslynAnalysisRunner has terminated.
Mono: successfully reloaded assembly
- Completed reload, in  1.161 seconds
Platform modules already initialized, skipping
Switching build target platform(5) subTarget(0) extendedPlatform(0) -> platform(13) subTarget(589824) extendedPlatform(0)
Refreshing native plugins compatible for Editor in 1.74 ms, found 4 plugins.
Preloading 0 native plugins for Editor in 0.00 ms.
Unloading 2469 Unused Serialized files (Serialized files now loaded: 0)
System memory in use before: 104.9 MB.
System memory in use after: 105.1 MB.

Unloading 332 unused Assets to reduce memory usage. Loaded Objects now: 2713.
Total: 6.038600 ms (FindLiveObjects: 0.323200 ms CreateObjectMapping: 0.163000 ms MarkObjects: 5.420200 ms  DeleteObjects: 0.131100 ms)

AssetImportParameters requested are different than current active one (requested -> active):
  custom:graphics/normal-map-encoding: 01000000000000000000000000000000 -> 02000000000000000000000000000000
========================================================================
Received Prepare
Registering precompiled user dll's ...
Registered in 0.011510 seconds.
Begin MonoManager ReloadAssembly
Error: Could not load signature of Unity.Android.Logcat.AndroidLogcat:.ctor due to: Could not load file or assembly 'UnityEditor.Android.Extensions, Version=1.0.0.0, Culture=neutral, PublicKeyToken=null' or one of its dependencies. assembly:UnityEditor.Android.Extensions, Version=1.0.0.0, Culture=neutral, PublicKeyToken=null type:<unknown type> member:(null) signature:<none>
0x00007ff791d1f02c (Unity) StackWalker::GetCurrentCallstack
0x00007ff791d27409 (Unity) StackWalker::ShowCallstack
0x00007ff7931efafc (Unity) GetStacktrace
0x00007ff7942caf63 (Unity) DebugStringToFile
0x00007ff791b459eb (Unity) ScanForAttributesAndInterfaceImplementations
0x00007ff791b58dba (Unity) MonoManager::EndReloadAssembly
0x00007ff791b5ffe9 (Unity) MonoManager::ReloadAssembly
0x00007ff792efa2a1 (Unity) LoadDomainAndUserAssemblies
0x00007ff792efa74e (Unity) LoadUserAssemblies
0x00007ff7933239e9 (Unity) <lambda_fe9441f73272b7bdb4fc543a788e7929>::operator()
0x00007ff7933edd82 (Unity) asio::detail::completion_handler<core::mutable_function<void __cdecl(void)> >::do_complete
0x00007ff7933efee0 (Unity) asio::detail::win_iocp_io_service::do_one
0x00007ff7933f366e (Unity) asio::io_service::run
0x00007ff793369ba0 (Unity) RunAssetImportWorkerClientV2
0x00007ff793369bf0 (Unity) RunAssetImporterV2
0x00007ff792887ee6 (Unity) Application::InitializeProject
0x00007ff7931fd0b2 (Unity) WinMain
0x00007ff795060c66 (Unity) __scrt_common_main_seh
0x00007ffe95e17034 (KERNEL32) BaseThreadInitThunk
0x00007ffe97862651 (ntdll) RtlUserThreadStart

Unloading broken assembly Library/ScriptAssemblies/Unity.Mobile.AndroidLogcat.Editor.dll, this assembly can cause crashes in the runtime
0x00007ff791d1f02c (Unity) StackWalker::GetCurrentCallstack
0x00007ff791d27409 (Unity) StackWalker::ShowCallstack
0x00007ff7931efafc (Unity) GetStacktrace
0x00007ff7942caf63 (Unity) DebugStringToFile
0x00007ff791b61b39 (Unity) MonoManager::SetupLoadedEditorAssemblies
0x00007ff791b5910c (Unity) MonoManager::EndReloadAssembly
0x00007ff791b5ffe9 (Unity) MonoManager::ReloadAssembly
0x00007ff792efa2a1 (Unity) LoadDomainAndUserAssemblies
0x00007ff792efa74e (Unity) LoadUserAssemblies
0x00007ff7933239e9 (Unity) <lambda_fe9441f73272b7bdb4fc543a788e7929>::operator()
0x00007ff7933edd82 (Unity) asio::detail::completion_handler<core::mutable_function<void __cdecl(void)> >::do_complete
0x00007ff7933efee0 (Unity) asio::detail::win_iocp_io_service::do_one
0x00007ff7933f366e (Unity) asio::io_service::run
0x00007ff793369ba0 (Unity) RunAssetImportWorkerClientV2
0x00007ff793369bf0 (Unity) RunAssetImporterV2
0x00007ff792887ee6 (Unity) Application::InitializeProject
0x00007ff7931fd0b2 (Unity) WinMain
0x00007ff795060c66 (Unity) __scrt_common_main_seh
0x00007ffe95e17034 (KERNEL32) BaseThreadInitThunk
0x00007ffe97862651 (ntdll) RtlUserThreadStart

Native extension for WindowsStandalone target not found
Native extension for WebGL target not found
Refreshing native plugins compatible for Editor in 1.68 ms, found 4 plugins.
Preloading 0 native plugins for Editor in 0.00 ms.
UnityIAP: [InitializeOnLoad] Facebook Check
UnityIAP: Runtime [2020.2.2f1]
UnityIAP: Current Build is Android:Android
UnityIAP: stub FacebookStore.dll disabled
GPGSUpgrader start
0x00007ff791d1f02c (Unity) StackWalker::GetCurrentCallstack
0x00007ff791d27409 (Unity) StackWalker::ShowCallstack
0x00007ff7931efafc (Unity) GetStacktrace
0x00007ff7942caf63 (Unity) DebugStringToFile
0x00007ff791d3fb26 (Unity) DebugLogHandler_CUSTOM_Internal_Log
0x0000020e29cbebab (Mono JIT Code) (wrapper managed-to-native) UnityEngine.DebugLogHandler:Internal_Log (UnityEngine.LogType,UnityEngine.LogOption,string,UnityEngine.Object)
0x0000020e29cbe7cb (Mono JIT Code) UnityEngine.DebugLogHandler:LogFormat (UnityEngine.LogType,UnityEngine.Object,string,object[])
0x0000020e29cbdcee (Mono JIT Code) UnityEngine.Logger:Log (UnityEngine.LogType,object)
0x0000020e29cbd28d (Mono JIT Code) UnityEngine.Debug:Log (object)
0x0000020e29cbbe63 (Mono JIT Code) [GPGSUpgrader.cs:38] GooglePlayGames.Editor.GPGSUpgrader:.cctor () 
0x0000020e29cbcdf5 (Mono JIT Code) (wrapper runtime-invoke) object:runtime_invoke_void (object,intptr,intptr,intptr)
0x00007ffe236be0c0 (mono-2.0-bdwgc) [mini-runtime.c:2812] mono_jit_runtime_invoke 
0x00007ffe23642902 (mono-2.0-bdwgc) [object.c:2921] do_runtime_invoke 
0x00007ffe2364b01c (mono-2.0-bdwgc) [object.c:477] mono_runtime_class_init_full 
0x00007ffe235f8c3e (mono-2.0-bdwgc) [icall.c:990] ves_icall_System_Runtime_CompilerServices_RuntimeHelpers_RunClassConstructor 
0x0000020e29b0ce87 (Mono JIT Code) (wrapper managed-to-native) System.Runtime.CompilerServices.RuntimeHelpers:RunClassConstructor (intptr)
0x0000020e29b0cd5b (Mono JIT Code) System.Runtime.CompilerServices.RuntimeHelpers:RunClassConstructor (System.RuntimeTypeHandle)
0x0000020e29b0c863 (Mono JIT Code) UnityEditor.EditorAssemblies:ProcessInitializeOnLoadAttributes (System.Type[])
0x0000020e2994412b (Mono JIT Code) (wrapper runtime-invoke) <Module>:runtime_invoke_void_object (object,intptr,intptr,intptr)
0x00007ffe236be0c0 (mono-2.0-bdwgc) [mini-runtime.c:2812] mono_jit_runtime_invoke 
0x00007ffe23642902 (mono-2.0-bdwgc) [object.c:2921] do_runtime_invoke 
0x00007ffe2364b95f (mono-2.0-bdwgc) [object.c:2968] mono_runtime_invoke 
0x00007ff791b9b5f4 (Unity) scripting_method_invoke
0x00007ff791b93f95 (Unity) ScriptingInvocation::Invoke
0x00007ff791b8ce95 (Unity) ScriptingInvocation::Invoke<void>
0x00007ff79023f4eb (Unity) Scripting::UnityEditor::EditorAssembliesProxy::ProcessInitializeOnLoadAttributes
0x00007ff791b61e05 (Unity) MonoManager::SetupLoadedEditorAssemblies
0x00007ff791b5910c (Unity) MonoManager::EndReloadAssembly
0x00007ff791b5ffe9 (Unity) MonoManager::ReloadAssembly
0x00007ff792efa2a1 (Unity) LoadDomainAndUserAssemblies
0x00007ff792efa74e (Unity) LoadUserAssemblies
0x00007ff7933239e9 (Unity) <lambda_fe9441f73272b7bdb4fc543a788e7929>::operator()
0x00007ff7933edd82 (Unity) asio::detail::completion_handler<core::mutable_function<void __cdecl(void)> >::do_complete
0x00007ff7933efee0 (Unity) asio::detail::win_iocp_io_service::do_one
0x00007ff7933f366e (Unity) asio::io_service::run
0x00007ff793369ba0 (Unity) RunAssetImportWorkerClientV2
0x00007ff793369bf0 (Unity) RunAssetImporterV2
0x00007ff792887ee6 (Unity) Application::InitializeProject
0x00007ff7931fd0b2 (Unity) WinMain
0x00007ff795060c66 (Unity) __scrt_common_main_seh
0x00007ffe95e17034 (KERNEL32) BaseThreadInitThunk
0x00007ffe97862651 (ntdll) RtlUserThreadStart

GPGSUpgrader done
0x00007ff791d1f02c (Unity) StackWalker::GetCurrentCallstack
0x00007ff791d27409 (Unity) StackWalker::ShowCallstack
0x00007ff7931efafc (Unity) GetStacktrace
0x00007ff7942caf63 (Unity) DebugStringToFile
0x00007ff791d3fb26 (Unity) DebugLogHandler_CUSTOM_Internal_Log
0x0000020e29cbebab (Mono JIT Code) (wrapper managed-to-native) UnityEngine.DebugLogHandler:Internal_Log (UnityEngine.LogType,UnityEngine.LogOption,string,UnityEngine.Object)
0x0000020e29cbe7cb (Mono JIT Code) UnityEngine.DebugLogHandler:LogFormat (UnityEngine.LogType,UnityEngine.Object,string,object[])
0x0000020e29cbdcee (Mono JIT Code) UnityEngine.Logger:Log (UnityEngine.LogType,object)
0x0000020e29cbd28d (Mono JIT Code) UnityEngine.Debug:Log (object)
0x0000020e29cbca9b (Mono JIT Code) [GPGSUpgrader.cs:105] GooglePlayGames.Editor.GPGSUpgrader:.cctor () 
0x0000020e29cbcdf5 (Mono JIT Code) (wrapper runtime-invoke) object:runtime_invoke_void (object,intptr,intptr,intptr)
0x00007ffe236be0c0 (mono-2.0-bdwgc) [mini-runtime.c:2812] mono_jit_runtime_invoke 
0x00007ffe23642902 (mono-2.0-bdwgc) [object.c:2921] do_runtime_invoke 
0x00007ffe2364b01c (mono-2.0-bdwgc) [object.c:477] mono_runtime_class_init_full 
0x00007ffe235f8c3e (mono-2.0-bdwgc) [icall.c:990] ves_icall_System_Runtime_CompilerServices_RuntimeHelpers_RunClassConstructor 
0x0000020e29b0ce87 (Mono JIT Code) (wrapper managed-to-native) System.Runtime.CompilerServices.RuntimeHelpers:RunClassConstructor (intptr)
0x0000020e29b0cd5b (Mono JIT Code) System.Runtime.CompilerServices.RuntimeHelpers:RunClassConstructor (System.RuntimeTypeHandle)
0x0000020e29b0c863 (Mono JIT Code) UnityEditor.EditorAssemblies:ProcessInitializeOnLoadAttributes (System.Type[])
0x0000020e2994412b (Mono JIT Code) (wrapper runtime-invoke) <Module>:runtime_invoke_void_object (object,intptr,intptr,intptr)
0x00007ffe236be0c0 (mono-2.0-bdwgc) [mini-runtime.c:2812] mono_jit_runtime_invoke 
0x00007ffe23642902 (mono-2.0-bdwgc) [object.c:2921] do_runtime_invoke 
0x00007ffe2364b95f (mono-2.0-bdwgc) [object.c:2968] mono_runtime_invoke 
0x00007ff791b9b5f4 (Unity) scripting_method_invoke
0x00007ff791b93f95 (Unity) ScriptingInvocation::Invoke
0x00007ff791b8ce95 (Unity) ScriptingInvocation::Invoke<void>
0x00007ff79023f4eb (Unity) Scripting::UnityEditor::EditorAssembliesProxy::ProcessInitializeOnLoadAttributes
0x00007ff791b61e05 (Unity) MonoManager::SetupLoadedEditorAssemblies
0x00007ff791b5910c (Unity) MonoManager::EndReloadAssembly
0x00007ff791b5ffe9 (Unity) MonoManager::ReloadAssembly
0x00007ff792efa2a1 (Unity) LoadDomainAndUserAssemblies
0x00007ff792efa74e (Unity) LoadUserAssemblies
0x00007ff7933239e9 (Unity) <lambda_fe9441f73272b7bdb4fc543a788e7929>::operator()
0x00007ff7933edd82 (Unity) asio::detail::completion_handler<core::mutable_function<void __cdecl(void)> >::do_complete
0x00007ff7933efee0 (Unity) asio::detail::win_iocp_io_service::do_one
0x00007ff7933f366e (Unity) asio::io_service::run
0x00007ff793369ba0 (Unity) RunAssetImportWorkerClientV2
0x00007ff793369bf0 (Unity) RunAssetImporterV2
0x00007ff792887ee6 (Unity) Application::InitializeProject
0x00007ff7931fd0b2 (Unity) WinMain
0x00007ff795060c66 (Unity) __scrt_common_main_seh
0x00007ffe95e17034 (KERNEL32) BaseThreadInitThunk
0x00007ffe97862651 (ntdll) RtlUserThreadStart

Invoked RoslynAnalysisRunner static constructor.
RoslynAnalysisRunner will not be running.
RoslynAnalysisRunner has terminated.
Mono: successfully reloaded assembly
- Completed reload, in  1.186 seconds
Platform modules already initialized, skipping
Switching build target platform(5) subTarget(0) extendedPlatform(0) -> platform(13) subTarget(589824) extendedPlatform(0)
Refreshing native plugins compatible for Editor in 2.11 ms, found 4 plugins.
Preloading 0 native plugins for Editor in 0.00 ms.
Unloading 2469 Unused Serialized files (Serialized files now loaded: 0)
System memory in use before: 105.0 MB.
System memory in use after: 105.2 MB.

Unloading 332 unused Assets to reduce memory usage. Loaded Objects now: 2716.
Total: 4.753700 ms (FindLiveObjects: 0.271600 ms CreateObjectMapping: 0.080100 ms MarkObjects: 4.321300 ms  DeleteObjects: 0.079300 ms)

AssetImportParameters requested are different than current active one (requested -> active):
  custom:graphics/normal-map-encoding: 01000000000000000000000000000000 -> 02000000000000000000000000000000
========================================================================
Received Prepare
Registering precompiled user dll's ...
Registered in 0.013216 seconds.
Begin MonoManager ReloadAssembly
Error: Could not load signature of Unity.Android.Logcat.AndroidLogcat:.ctor due to: Could not load file or assembly 'UnityEditor.Android.Extensions, Version=1.0.0.0, Culture=neutral, PublicKeyToken=null' or one of its dependencies. assembly:UnityEditor.Android.Extensions, Version=1.0.0.0, Culture=neutral, PublicKeyToken=null type:<unknown type> member:(null) signature:<none>
0x00007ff791d1f02c (Unity) StackWalker::GetCurrentCallstack
0x00007ff791d27409 (Unity) StackWalker::ShowCallstack
0x00007ff7931efafc (Unity) GetStacktrace
0x00007ff7942caf63 (Unity) DebugStringToFile
0x00007ff791b459eb (Unity) ScanForAttributesAndInterfaceImplementations
0x00007ff791b58dba (Unity) MonoManager::EndReloadAssembly
0x00007ff791b5ffe9 (Unity) MonoManager::ReloadAssembly
0x00007ff792efa2a1 (Unity) LoadDomainAndUserAssemblies
0x00007ff792efa74e (Unity) LoadUserAssemblies
0x00007ff7933239e9 (Unity) <lambda_fe9441f73272b7bdb4fc543a788e7929>::operator()
0x00007ff7933edd82 (Unity) asio::detail::completion_handler<core::mutable_function<void __cdecl(void)> >::do_complete
0x00007ff7933efee0 (Unity) asio::detail::win_iocp_io_service::do_one
0x00007ff7933f366e (Unity) asio::io_service::run
0x00007ff793369ba0 (Unity) RunAssetImportWorkerClientV2
0x00007ff793369bf0 (Unity) RunAssetImporterV2
0x00007ff792887ee6 (Unity) Application::InitializeProject
0x00007ff7931fd0b2 (Unity) WinMain
0x00007ff795060c66 (Unity) __scrt_common_main_seh
0x00007ffe95e17034 (KERNEL32) BaseThreadInitThunk
0x00007ffe97862651 (ntdll) RtlUserThreadStart

Unloading broken assembly Library/ScriptAssemblies/Unity.Mobile.AndroidLogcat.Editor.dll, this assembly can cause crashes in the runtime
0x00007ff791d1f02c (Unity) StackWalker::GetCurrentCallstack
0x00007ff791d27409 (Unity) StackWalker::ShowCallstack
0x00007ff7931efafc (Unity) GetStacktrace
0x00007ff7942caf63 (Unity) DebugStringToFile
0x00007ff791b61b39 (Unity) MonoManager::SetupLoadedEditorAssemblies
0x00007ff791b5910c (Unity) MonoManager::EndReloadAssembly
0x00007ff791b5ffe9 (Unity) MonoManager::ReloadAssembly
0x00007ff792efa2a1 (Unity) LoadDomainAndUserAssemblies
0x00007ff792efa74e (Unity) LoadUserAssemblies
0x00007ff7933239e9 (Unity) <lambda_fe9441f73272b7bdb4fc543a788e7929>::operator()
0x00007ff7933edd82 (Unity) asio::detail::completion_handler<core::mutable_function<void __cdecl(void)> >::do_complete
0x00007ff7933efee0 (Unity) asio::detail::win_iocp_io_service::do_one
0x00007ff7933f366e (Unity) asio::io_service::run
0x00007ff793369ba0 (Unity) RunAssetImportWorkerClientV2
0x00007ff793369bf0 (Unity) RunAssetImporterV2
0x00007ff792887ee6 (Unity) Application::InitializeProject
0x00007ff7931fd0b2 (Unity) WinMain
0x00007ff795060c66 (Unity) __scrt_common_main_seh
0x00007ffe95e17034 (KERNEL32) BaseThreadInitThunk
0x00007ffe97862651 (ntdll) RtlUserThreadStart

Native extension for WindowsStandalone target not found
Native extension for WebGL target not found
Refreshing native plugins compatible for Editor in 1.70 ms, found 4 plugins.
Preloading 0 native plugins for Editor in 0.00 ms.
UnityIAP: [InitializeOnLoad] Facebook Check
UnityIAP: Runtime [2020.2.2f1]
UnityIAP: Current Build is Android:Android
UnityIAP: stub FacebookStore.dll disabled
GPGSUpgrader start
0x00007ff791d1f02c (Unity) StackWalker::GetCurrentCallstack
0x00007ff791d27409 (Unity) StackWalker::ShowCallstack
0x00007ff7931efafc (Unity) GetStacktrace
0x00007ff7942caf63 (Unity) DebugStringToFile
0x00007ff791d3fb26 (Unity) DebugLogHandler_CUSTOM_Internal_Log
0x0000020e2999ebab (Mono JIT Code) (wrapper managed-to-native) UnityEngine.DebugLogHandler:Internal_Log (UnityEngine.LogType,UnityEngine.LogOption,string,UnityEngine.Object)
0x0000020e2999e7cb (Mono JIT Code) UnityEngine.DebugLogHandler:LogFormat (UnityEngine.LogType,UnityEngine.Object,string,object[])
0x0000020e2999dcee (Mono JIT Code) UnityEngine.Logger:Log (UnityEngine.LogType,object)
0x0000020e2999d28d (Mono JIT Code) UnityEngine.Debug:Log (object)
0x0000020e2999be63 (Mono JIT Code) [GPGSUpgrader.cs:38] GooglePlayGames.Editor.GPGSUpgrader:.cctor () 
0x0000020e2999cdf5 (Mono JIT Code) (wrapper runtime-invoke) object:runtime_invoke_void (object,intptr,intptr,intptr)
0x00007ffe236be0c0 (mono-2.0-bdwgc) [mini-runtime.c:2812] mono_jit_runtime_invoke 
0x00007ffe23642902 (mono-2.0-bdwgc) [object.c:2921] do_runtime_invoke 
0x00007ffe2364b01c (mono-2.0-bdwgc) [object.c:477] mono_runtime_class_init_full 
0x00007ffe235f8c3e (mono-2.0-bdwgc) [icall.c:990] ves_icall_System_Runtime_CompilerServices_RuntimeHelpers_RunClassConstructor 
0x0000020e296fce87 (Mono JIT Code) (wrapper managed-to-native) System.Runtime.CompilerServices.RuntimeHelpers:RunClassConstructor (intptr)
0x0000020e296fcd5b (Mono JIT Code) System.Runtime.CompilerServices.RuntimeHelpers:RunClassConstructor (System.RuntimeTypeHandle)
0x0000020e296fc863 (Mono JIT Code) UnityEditor.EditorAssemblies:ProcessInitializeOnLoadAttributes (System.Type[])
0x0000020e29c6412b (Mono JIT Code) (wrapper runtime-invoke) <Module>:runtime_invoke_void_object (object,intptr,intptr,intptr)
0x00007ffe236be0c0 (mono-2.0-bdwgc) [mini-runtime.c:2812] mono_jit_runtime_invoke 
0x00007ffe23642902 (mono-2.0-bdwgc) [object.c:2921] do_runtime_invoke 
0x00007ffe2364b95f (mono-2.0-bdwgc) [object.c:2968] mono_runtime_invoke 
0x00007ff791b9b5f4 (Unity) scripting_method_invoke
0x00007ff791b93f95 (Unity) ScriptingInvocation::Invoke
0x00007ff791b8ce95 (Unity) ScriptingInvocation::Invoke<void>
0x00007ff79023f4eb (Unity) Scripting::UnityEditor::EditorAssembliesProxy::ProcessInitializeOnLoadAttributes
0x00007ff791b61e05 (Unity) MonoManager::SetupLoadedEditorAssemblies
0x00007ff791b5910c (Unity) MonoManager::EndReloadAssembly
0x00007ff791b5ffe9 (Unity) MonoManager::ReloadAssembly
0x00007ff792efa2a1 (Unity) LoadDomainAndUserAssemblies
0x00007ff792efa74e (Unity) LoadUserAssemblies
0x00007ff7933239e9 (Unity) <lambda_fe9441f73272b7bdb4fc543a788e7929>::operator()
0x00007ff7933edd82 (Unity) asio::detail::completion_handler<core::mutable_function<void __cdecl(void)> >::do_complete
0x00007ff7933efee0 (Unity) asio::detail::win_iocp_io_service::do_one
0x00007ff7933f366e (Unity) asio::io_service::run
0x00007ff793369ba0 (Unity) RunAssetImportWorkerClientV2
0x00007ff793369bf0 (Unity) RunAssetImporterV2
0x00007ff792887ee6 (Unity) Application::InitializeProject
0x00007ff7931fd0b2 (Unity) WinMain
0x00007ff795060c66 (Unity) __scrt_common_main_seh
0x00007ffe95e17034 (KERNEL32) BaseThreadInitThunk
0x00007ffe97862651 (ntdll) RtlUserThreadStart

GPGSUpgrader done
0x00007ff791d1f02c (Unity) StackWalker::GetCurrentCallstack
0x00007ff791d27409 (Unity) StackWalker::ShowCallstack
0x00007ff7931efafc (Unity) GetStacktrace
0x00007ff7942caf63 (Unity) DebugStringToFile
0x00007ff791d3fb26 (Unity) DebugLogHandler_CUSTOM_Internal_Log
0x0000020e2999ebab (Mono JIT Code) (wrapper managed-to-native) UnityEngine.DebugLogHandler:Internal_Log (UnityEngine.LogType,UnityEngine.LogOption,string,UnityEngine.Object)
0x0000020e2999e7cb (Mono JIT Code) UnityEngine.DebugLogHandler:LogFormat (UnityEngine.LogType,UnityEngine.Object,string,object[])
0x0000020e2999dcee (Mono JIT Code) UnityEngine.Logger:Log (UnityEngine.LogType,object)
0x0000020e2999d28d (Mono JIT Code) UnityEngine.Debug:Log (object)
0x0000020e2999ca9b (Mono JIT Code) [GPGSUpgrader.cs:105] GooglePlayGames.Editor.GPGSUpgrader:.cctor () 
0x0000020e2999cdf5 (Mono JIT Code) (wrapper runtime-invoke) object:runtime_invoke_void (object,intptr,intptr,intptr)
0x00007ffe236be0c0 (mono-2.0-bdwgc) [mini-runtime.c:2812] mono_jit_runtime_invoke 
0x00007ffe23642902 (mono-2.0-bdwgc) [object.c:2921] do_runtime_invoke 
0x00007ffe2364b01c (mono-2.0-bdwgc) [object.c:477] mono_runtime_class_init_full 
0x00007ffe235f8c3e (mono-2.0-bdwgc) [icall.c:990] ves_icall_System_Runtime_CompilerServices_RuntimeHelpers_RunClassConstructor 
0x0000020e296fce87 (Mono JIT Code) (wrapper managed-to-native) System.Runtime.CompilerServices.RuntimeHelpers:RunClassConstructor (intptr)
0x0000020e296fcd5b (Mono JIT Code) System.Runtime.CompilerServices.RuntimeHelpers:RunClassConstructor (System.RuntimeTypeHandle)
0x0000020e296fc863 (Mono JIT Code) UnityEditor.EditorAssemblies:ProcessInitializeOnLoadAttributes (System.Type[])
0x0000020e29c6412b (Mono JIT Code) (wrapper runtime-invoke) <Module>:runtime_invoke_void_object (object,intptr,intptr,intptr)
0x00007ffe236be0c0 (mono-2.0-bdwgc) [mini-runtime.c:2812] mono_jit_runtime_invoke 
0x00007ffe23642902 (mono-2.0-bdwgc) [object.c:2921] do_runtime_invoke 
0x00007ffe2364b95f (mono-2.0-bdwgc) [object.c:2968] mono_runtime_invoke 
0x00007ff791b9b5f4 (Unity) scripting_method_invoke
0x00007ff791b93f95 (Unity) ScriptingInvocation::Invoke
0x00007ff791b8ce95 (Unity) ScriptingInvocation::Invoke<void>
0x00007ff79023f4eb (Unity) Scripting::UnityEditor::EditorAssembliesProxy::ProcessInitializeOnLoadAttributes
0x00007ff791b61e05 (Unity) MonoManager::SetupLoadedEditorAssemblies
0x00007ff791b5910c (Unity) MonoManager::EndReloadAssembly
0x00007ff791b5ffe9 (Unity) MonoManager::ReloadAssembly
0x00007ff792efa2a1 (Unity) LoadDomainAndUserAssemblies
0x00007ff792efa74e (Unity) LoadUserAssemblies
0x00007ff7933239e9 (Unity) <lambda_fe9441f73272b7bdb4fc543a788e7929>::operator()
0x00007ff7933edd82 (Unity) asio::detail::completion_handler<core::mutable_function<void __cdecl(void)> >::do_complete
0x00007ff7933efee0 (Unity) asio::detail::win_iocp_io_service::do_one
0x00007ff7933f366e (Unity) asio::io_service::run
0x00007ff793369ba0 (Unity) RunAssetImportWorkerClientV2
0x00007ff793369bf0 (Unity) RunAssetImporterV2
0x00007ff792887ee6 (Unity) Application::InitializeProject
0x00007ff7931fd0b2 (Unity) WinMain
0x00007ff795060c66 (Unity) __scrt_common_main_seh
0x00007ffe95e17034 (KERNEL32) BaseThreadInitThunk
0x00007ffe97862651 (ntdll) RtlUserThreadStart

Invoked RoslynAnalysisRunner static constructor.
RoslynAnalysisRunner will not be running.
RoslynAnalysisRunner has terminated.
Mono: successfully reloaded assembly
- Completed reload, in  1.163 seconds
Platform modules already initialized, skipping
Switching build target platform(5) subTarget(0) extendedPlatform(0) -> platform(13) subTarget(589824) extendedPlatform(0)
Refreshing native plugins compatible for Editor in 1.68 ms, found 4 plugins.
Preloading 0 native plugins for Editor in 0.00 ms.
Unloading 2469 Unused Serialized files (Serialized files now loaded: 0)
System memory in use before: 105.1 MB.
System memory in use after: 105.3 MB.

Unloading 332 unused Assets to reduce memory usage. Loaded Objects now: 2719.
Total: 4.872000 ms (FindLiveObjects: 0.254300 ms CreateObjectMapping: 0.074800 ms MarkObjects: 4.419000 ms  DeleteObjects: 0.123000 ms)

AssetImportParameters requested are different than current active one (requested -> active):
  custom:graphics/normal-map-encoding: 01000000000000000000000000000000 -> 02000000000000000000000000000000
========================================================================
Received Import Request.
  Time since last request: 123.079932 seconds.
  path: Assets/bouy.physicsMaterial2D
  artifactKey: Guid(f0b753c55b18ff24288028d9f4f9aa7c) Importer(815301076,1909f56bfc062723c751e8b465ee728b)
Start importing Assets/bouy.physicsMaterial2D using Guid(f0b753c55b18ff24288028d9f4f9aa7c) Importer(815301076,1909f56bfc062723c751e8b465ee728b)  -> (artifact id: 'f4f71682ab28f861c3dad8ebe3bf8208') in 0.011685 seconds
  Import took 0.014601 seconds .

